# JRE version: Java(TM) SE Runtime Environment (21.0.9+7) (build 21.0.9+7-LTS-338)
# Java VM: Java HotSpot(TM) 64-Bit Server VM (21.0.9+7-LTS-338, mixed mode, emulated-client, sharing, tiered, compressed oops, compressed class ptrs, g1 gc, windows-amd64)
GC Precious Log:
 CardTable entry size: 512
 Card Set container configuration: InlinePtr #cards 4 size 8 Array Of Cards #cards 16 size 48 Howl #buckets 8 coarsen threshold 3686 Howl Bitmap #cards 512 size 80 coarsen threshold 460 Card regions per heap region 1 cards per card region 4096
 CPUs: 6 total, 6 available
 Memory: 16247M
 Large Page Support: Disabled
 NUMA Support: Disabled
 Compressed Oops: Enabled (Zero based)
 Heap Region Size: 2M
 Heap Min Capacity: 8M
 Heap Initial Capacity: 254M
 Heap Max Capacity: 4062M
 Pre-touch: Disabled
 Parallel Workers: 6
 Concurrent Workers: 2
 Concurrent Refinement Workers: 6
 Periodic GC: Disabled
Heap:
 garbage-first heap   total 133120K, used 71691K [0x0000000702200000, 0x0000000800000000)
  region size 2048K, 10 young (20480K), 2 survivors (4096K)
 Metaspace       used 62481K, committed 63296K, reserved 1114112K
  class space    used 8597K, committed 8960K, reserved 1048576K
GC Heap History (20 events):
Event: 2.562 GC heap before
{Heap before GC invocations=7 (full 0):
 garbage-first heap   total 69632K, used 51744K [0x0000000702200000, 0x0000000800000000)
  region size 2048K, 19 young (38912K), 3 survivors (6144K)
 Metaspace       used 31793K, committed 32384K, reserved 1114112K
  class space    used 4333K, committed 4608K, reserved 1048576K
}
Event: 2.570 GC heap after
{Heap after GC invocations=8 (full 0):
 garbage-first heap   total 69632K, used 21706K [0x0000000702200000, 0x0000000800000000)
  region size 2048K, 3 young (6144K), 3 survivors (6144K)
 Metaspace       used 31793K, committed 32384K, reserved 1114112K
  class space    used 4333K, committed 4608K, reserved 1048576K
}
Event: 2.920 GC heap before
{Heap before GC invocations=8 (full 0):
 garbage-first heap   total 69632K, used 44234K [0x0000000702200000, 0x0000000800000000)
  region size 2048K, 15 young (30720K), 3 survivors (6144K)
 Metaspace       used 35390K, committed 35968K, reserved 1114112K
  class space    used 4992K, committed 5248K, reserved 1048576K
}
Event: 2.931 GC heap after
{Heap after GC invocations=9 (full 0):
 garbage-first heap   total 83968K, used 23827K [0x0000000702200000, 0x0000000800000000)
  region size 2048K, 3 young (6144K), 3 survivors (6144K)
 Metaspace       used 35390K, committed 35968K, reserved 1114112K
  class space    used 4992K, committed 5248K, reserved 1048576K
}
Event: 3.516 GC heap before
{Heap before GC invocations=10 (full 0):
 garbage-first heap   total 83968K, used 64787K [0x0000000702200000, 0x0000000800000000)
  region size 2048K, 23 young (47104K), 3 survivors (6144K)
 Metaspace       used 40428K, committed 41088K, reserved 1114112K
  class space    used 5697K, committed 6016K, reserved 1048576K
}
Event: 3.520 GC heap after
{Heap after GC invocations=11 (full 0):
 garbage-first heap   total 83968K, used 26614K [0x0000000702200000, 0x0000000800000000)
  region size 2048K, 3 young (6144K), 3 survivors (6144K)
 Metaspace       used 40428K, committed 41088K, reserved 1114112K
  class space    used 5697K, committed 6016K, reserved 1048576K
}
Event: 4.014 GC heap before
{Heap before GC invocations=11 (full 0):
 garbage-first heap   total 83968K, used 67574K [0x0000000702200000, 0x0000000800000000)
  region size 2048K, 23 young (47104K), 3 survivors (6144K)
 Metaspace       used 48299K, committed 49024K, reserved 1114112K
  class space    used 6662K, committed 6976K, reserved 1048576K
}
Event: 4.020 GC heap after
{Heap after GC invocations=12 (full 0):
 garbage-first heap   total 83968K, used 28470K [0x0000000702200000, 0x0000000800000000)
  region size 2048K, 3 young (6144K), 3 survivors (6144K)
 Metaspace       used 48299K, committed 49024K, reserved 1114112K
  class space    used 6662K, committed 6976K, reserved 1048576K
}
Event: 4.482 GC heap before
{Heap before GC invocations=12 (full 0):
 garbage-first heap   total 83968K, used 69430K [0x0000000702200000, 0x0000000800000000)
  region size 2048K, 23 young (47104K), 3 survivors (6144K)
 Metaspace       used 50745K, committed 51520K, reserved 1114112K
  class space    used 7030K, committed 7360K, reserved 1048576K
}
Event: 4.487 GC heap after
{Heap after GC invocations=13 (full 0):
 garbage-first heap   total 83968K, used 30713K [0x0000000702200000, 0x0000000800000000)
  region size 2048K, 3 young (6144K), 3 survivors (6144K)
 Metaspace       used 50745K, committed 51520K, reserved 1114112K
  class space    used 7030K, committed 7360K, reserved 1048576K
}
Event: 4.867 GC heap before
{Heap before GC invocations=13 (full 0):
 garbage-first heap   total 83968K, used 69625K [0x0000000702200000, 0x0000000800000000)
  region size 2048K, 22 young (45056K), 3 survivors (6144K)
 Metaspace       used 52876K, committed 53632K, reserved 1114112K
  class space    used 7358K, committed 7680K, reserved 1048576K
}
Event: 4.872 GC heap after
{Heap after GC invocations=14 (full 0):
 garbage-first heap   total 83968K, used 38579K [0x0000000702200000, 0x0000000800000000)
  region size 2048K, 3 young (6144K), 3 survivors (6144K)
 Metaspace       used 52876K, committed 53632K, reserved 1114112K
  class space    used 7358K, committed 7680K, reserved 1048576K
}
Event: 4.895 GC heap before
{Heap before GC invocations=14 (full 0):
 garbage-first heap   total 83968K, used 40627K [0x0000000702200000, 0x0000000800000000)
  region size 2048K, 6 young (12288K), 3 survivors (6144K)
 Metaspace       used 52876K, committed 53632K, reserved 1114112K
  class space    used 7358K, committed 7680K, reserved 1048576K
}
Event: 4.898 GC heap after
{Heap after GC invocations=15 (full 0):
 garbage-first heap   total 83968K, used 43312K [0x0000000702200000, 0x0000000800000000)
  region size 2048K, 3 young (6144K), 3 survivors (6144K)
 Metaspace       used 52876K, committed 53632K, reserved 1114112K
  class space    used 7358K, committed 7680K, reserved 1048576K
}
Event: 5.050 GC heap before
{Heap before GC invocations=16 (full 0):
 garbage-first heap   total 110592K, used 74032K [0x0000000702200000, 0x0000000800000000)
  region size 2048K, 10 young (20480K), 3 survivors (6144K)
 Metaspace       used 53457K, committed 54208K, reserved 1114112K
  class space    used 7431K, committed 7744K, reserved 1048576K
}
Event: 5.053 GC heap after
{Heap after GC invocations=17 (full 0):
 garbage-first heap   total 110592K, used 60433K [0x0000000702200000, 0x0000000800000000)
  region size 2048K, 1 young (2048K), 1 survivors (2048K)
 Metaspace       used 53457K, committed 54208K, reserved 1114112K
  class space    used 7431K, committed 7744K, reserved 1048576K
}
Event: 5.282 GC heap before
{Heap before GC invocations=17 (full 0):
 garbage-first heap   total 110592K, used 80913K [0x0000000702200000, 0x0000000800000000)
  region size 2048K, 11 young (22528K), 1 survivors (2048K)
 Metaspace       used 54858K, committed 55680K, reserved 1114112K
  class space    used 7655K, committed 8064K, reserved 1048576K
}
Event: 5.287 GC heap after
{Heap after GC invocations=18 (full 0):
 garbage-first heap   total 133120K, used 61484K [0x0000000702200000, 0x0000000800000000)
  region size 2048K, 1 young (2048K), 1 survivors (2048K)
 Metaspace       used 54858K, committed 55680K, reserved 1114112K
  class space    used 7655K, committed 8064K, reserved 1048576K
}
Event: 6.096 GC heap before
{Heap before GC invocations=18 (full 0):
 garbage-first heap   total 133120K, used 94252K [0x0000000702200000, 0x0000000800000000)
  region size 2048K, 18 young (36864K), 1 survivors (2048K)
 Metaspace       used 59463K, committed 60352K, reserved 1114112K
  class space    used 8285K, committed 8704K, reserved 1048576K
}
Event: 6.101 GC heap after
{Heap after GC invocations=19 (full 0):
 garbage-first heap   total 133120K, used 63499K [0x0000000702200000, 0x0000000800000000)
  region size 2048K, 2 young (4096K), 2 survivors (4096K)
 Metaspace       used 59463K, committed 60352K, reserved 1114112K
  class space    used 8285K, committed 8704K, reserved 1048576K
}

